app/build/intermediates/manifest_merge_blame_file/debug/processDebugMainManifest/manifest-merger-blame-debug-report.txt
1<?xml version="1.0" encoding="utf-8"?>
2<manifest xmlns:android="http://schemas.android.com/apk/res/android"
3    package="com.example.mobileappproject"
4    android:versionCode="1"
5    android:versionName="1.0" >
6
7    <uses-sdk
8        android:minSdkVersion="24"
9        android:targetSdkVersion="34" />
10
11    <uses-permission android:name="android.permission.ACCESS_FINE_LOCATION" />
11-->src\main\AndroidManifest.xml:5:5-79
11-->src\main\AndroidManifest.xml:5:22-76
12    <uses-permission android:name="android.permission.ACCESS_COARSE_LOCATION" />
12-->src\main\AndroidManifest.xml:6:5-81
12-->src\main\AndroidManifest.xml:6:22-78
13    <uses-permission android:name="android.permission.INTERNET" />
13-->src\main\AndroidManifest.xml:7:5-67
13-->src\main\AndroidManifest.xml:7:22-64
14
15    <!-- Include required permissions for Google Maps API to run. -->
16    <uses-permission android:name="android.permission.ACCESS_NETWORK_STATE" />
16-->[com.google.android.gms:play-services-maps:18.1.0] AndroidManifest.xml:23:5-79
16-->[com.google.android.gms:play-services-maps:18.1.0] AndroidManifest.xml:23:22-76
17
18    <uses-feature
18-->[com.google.android.gms:play-services-maps:18.1.0] AndroidManifest.xml:26:5-28:35
19        android:glEsVersion="0x00020000"
19-->[com.google.android.gms:play-services-maps:18.1.0] AndroidManifest.xml:27:9-41
20        android:required="true" />
20-->[com.google.android.gms:play-services-maps:18.1.0] AndroidManifest.xml:28:9-32
21
22    <queries>
22-->[com.google.android.gms:play-services-maps:18.1.0] AndroidManifest.xml:30:5-34:15
23
24        <!-- Needs to be explicitly declared on Android R+ -->
25        <package android:name="com.google.android.apps.maps" />
25-->[com.google.android.gms:play-services-maps:18.1.0] AndroidManifest.xml:33:9-64
25-->[com.google.android.gms:play-services-maps:18.1.0] AndroidManifest.xml:33:18-61
26    </queries>
27
28    <permission
28-->[androidx.core:core:1.12.0] AndroidManifest.xml:22:5-24:47
29        android:name="com.example.mobileappproject.DYNAMIC_RECEIVER_NOT_EXPORTED_PERMISSION"
29-->[androidx.core:core:1.12.0] AndroidManifest.xml:23:9-81
30        android:protectionLevel="signature" />
30-->[androidx.core:core:1.12.0] AndroidManifest.xml:24:9-44
31
32    <uses-permission android:name="com.example.mobileappproject.DYNAMIC_RECEIVER_NOT_EXPORTED_PERMISSION" />
32-->[androidx.core:core:1.12.0] AndroidManifest.xml:26:5-97
32-->[androidx.core:core:1.12.0] AndroidManifest.xml:26:22-94
33
34    <application
34-->src\main\AndroidManifest.xml:9:5-167:19
35        android:allowBackup="true"
35-->src\main\AndroidManifest.xml:10:9-35
36        android:appComponentFactory="androidx.core.app.CoreComponentFactory"
36-->[androidx.core:core:1.12.0] AndroidManifest.xml:28:18-86
37        android:dataExtractionRules="@xml/data_extraction_rules"
37-->src\main\AndroidManifest.xml:11:9-65
38        android:debuggable="true"
39        android:extractNativeLibs="false"
40        android:fullBackupContent="@xml/backup_rules"
40-->src\main\AndroidManifest.xml:12:9-54
41        android:icon="@mipmap/ic_launcher"
41-->src\main\AndroidManifest.xml:13:9-43
42        android:label="@string/app_name"
42-->src\main\AndroidManifest.xml:14:9-41
43        android:roundIcon="@mipmap/ic_launcher_round"
43-->src\main\AndroidManifest.xml:15:9-54
44        android:supportsRtl="true"
44-->src\main\AndroidManifest.xml:16:9-35
45        android:testOnly="true"
46        android:theme="@style/Theme.MobileAppProject" >
46-->src\main\AndroidManifest.xml:17:9-54
47        <activity
47-->src\main\AndroidManifest.xml:19:9-27:20
48            android:name="com.example.mobileappproject.Onboarding"
48-->src\main\AndroidManifest.xml:20:13-39
49            android:exported="true" >
49-->src\main\AndroidManifest.xml:21:13-36
50            <intent-filter>
50-->src\main\AndroidManifest.xml:22:13-26:29
51                <action android:name="android.intent.action.MAIN" />
51-->src\main\AndroidManifest.xml:23:17-69
51-->src\main\AndroidManifest.xml:23:25-66
52
53                <category android:name="android.intent.category.LAUNCHER" />
53-->src\main\AndroidManifest.xml:25:17-77
53-->src\main\AndroidManifest.xml:25:27-74
54            </intent-filter>
55        </activity>
56
57        <!-- Ibraheem -->
58        <activity
58-->src\main\AndroidManifest.xml:31:9-33:40
59            android:name="com.example.mobileappproject.reg_pg_no_15"
59-->src\main\AndroidManifest.xml:32:13-41
60            android:exported="false" />
60-->src\main\AndroidManifest.xml:33:13-37
61        <activity
61-->src\main\AndroidManifest.xml:34:9-36:40
62            android:name="com.example.mobileappproject.reg_pg_no_14"
62-->src\main\AndroidManifest.xml:35:13-41
63            android:exported="false" />
63-->src\main\AndroidManifest.xml:36:13-37
64        <activity
64-->src\main\AndroidManifest.xml:37:9-39:40
65            android:name="com.example.mobileappproject.reg_pg_no_13"
65-->src\main\AndroidManifest.xml:38:13-41
66            android:exported="false" />
66-->src\main\AndroidManifest.xml:39:13-37
67        <activity
67-->src\main\AndroidManifest.xml:40:9-42:40
68            android:name="com.example.mobileappproject.reg_pg_no_12"
68-->src\main\AndroidManifest.xml:41:13-41
69            android:exported="false" />
69-->src\main\AndroidManifest.xml:42:13-37
70        <activity
70-->src\main\AndroidManifest.xml:43:9-45:40
71            android:name="com.example.mobileappproject.reg_pg_no_11"
71-->src\main\AndroidManifest.xml:44:13-41
72            android:exported="false" />
72-->src\main\AndroidManifest.xml:45:13-37
73        <activity
73-->src\main\AndroidManifest.xml:46:9-48:40
74            android:name="com.example.mobileappproject.reg_pg_no_10"
74-->src\main\AndroidManifest.xml:47:13-41
75            android:exported="false" />
75-->src\main\AndroidManifest.xml:48:13-37
76        <activity
76-->src\main\AndroidManifest.xml:49:9-51:40
77            android:name="com.example.mobileappproject.reg_pg_no_09"
77-->src\main\AndroidManifest.xml:50:13-41
78            android:exported="false" />
78-->src\main\AndroidManifest.xml:51:13-37
79        <activity
79-->src\main\AndroidManifest.xml:52:9-54:40
80            android:name="com.example.mobileappproject.reg_pg_no_08"
80-->src\main\AndroidManifest.xml:53:13-41
81            android:exported="false" />
81-->src\main\AndroidManifest.xml:54:13-37
82        <activity
82-->src\main\AndroidManifest.xml:55:9-70:20
83            android:name="com.example.mobileappproject.Reg_pg_07"
83-->src\main\AndroidManifest.xml:56:13-38
84            android:exported="true" >
84-->src\main\AndroidManifest.xml:57:13-36
85
86            <!-- <intent-filter> -->
87
88
89            <!-- <action android:name="android.intent.action.MAIN" /> -->
90
91
92            <!-- <category android:name="android.intent.category.LAUNCHER" /> -->
93
94
95            <!-- </intent-filter> -->
96
97        </activity> <!-- Umair -->
98        <activity
98-->src\main\AndroidManifest.xml:71:9-73:40
99            android:name="com.example.mobileappproject.delivery.OrderReview"
99-->src\main\AndroidManifest.xml:72:13-49
100            android:exported="false" />
100-->src\main\AndroidManifest.xml:73:13-37
101        <activity
101-->src\main\AndroidManifest.xml:74:9-76:40
102            android:name="com.example.mobileappproject.delivery.OrderProcessing"
102-->src\main\AndroidManifest.xml:75:13-53
103            android:exported="false" />
103-->src\main\AndroidManifest.xml:76:13-37
104        <activity
104-->src\main\AndroidManifest.xml:77:9-79:40
105            android:name="com.example.mobileappproject.delivery.Delivered"
105-->src\main\AndroidManifest.xml:78:13-47
106            android:exported="false" />
106-->src\main\AndroidManifest.xml:79:13-37
107        <activity
107-->src\main\AndroidManifest.xml:80:9-82:40
108            android:name="com.example.mobileappproject.delivery.DeliveryHistory"
108-->src\main\AndroidManifest.xml:81:13-53
109            android:exported="false" /> <!-- Umar -->
109-->src\main\AndroidManifest.xml:82:13-37
110        <activity
110-->src\main\AndroidManifest.xml:83:9-85:40
111            android:name="com.example.mobileappproject.umaractv.Activity_Umar52"
111-->src\main\AndroidManifest.xml:84:13-53
112            android:exported="false" />
112-->src\main\AndroidManifest.xml:85:13-37
113        <activity
113-->src\main\AndroidManifest.xml:86:9-88:40
114            android:name="com.example.mobileappproject.umaractv.Activity_Umar51"
114-->src\main\AndroidManifest.xml:87:13-53
115            android:exported="false" />
115-->src\main\AndroidManifest.xml:88:13-37
116        <activity
116-->src\main\AndroidManifest.xml:89:9-91:40
117            android:name="com.example.mobileappproject.umaractv.Activity_Umar50"
117-->src\main\AndroidManifest.xml:90:13-53
118            android:exported="false" />
118-->src\main\AndroidManifest.xml:91:13-37
119        <activity
119-->src\main\AndroidManifest.xml:92:9-95:58
120            android:name="com.example.mobileappproject.umaractv.Activity_Umar49"
120-->src\main\AndroidManifest.xml:93:13-53
121            android:exported="false"
121-->src\main\AndroidManifest.xml:94:13-37
122            android:theme="@style/PaymentHostActivity" />
122-->src\main\AndroidManifest.xml:95:13-55
123
124        <meta-data
124-->src\main\AndroidManifest.xml:97:9-99:71
125            android:name="com.google.android.geo.API_KEY"
125-->src\main\AndroidManifest.xml:98:13-58
126            android:value="AIzaSyAxT-dMMUM6EiuGvOTkxAolE1Kcpe5Dtio" /> <!-- ZAin -->
126-->src\main\AndroidManifest.xml:99:13-68
127        <!-- Jamal -->
128        <activity
128-->src\main\AndroidManifest.xml:101:9-103:40
129            android:name="com.example.task.YourCart"
129-->src\main\AndroidManifest.xml:102:13-53
130            android:exported="false" />
130-->src\main\AndroidManifest.xml:103:13-37
131        <activity
131-->src\main\AndroidManifest.xml:104:9-106:40
132            android:name="com.example.task.EmptyCart"
132-->src\main\AndroidManifest.xml:105:13-54
133            android:exported="false" />
133-->src\main\AndroidManifest.xml:106:13-37
134        <activity
134-->src\main\AndroidManifest.xml:107:9-109:40
135            android:name="com.example.task.yourFavourite"
135-->src\main\AndroidManifest.xml:108:13-58
136            android:exported="false" />
136-->src\main\AndroidManifest.xml:109:13-37
137        <activity
137-->src\main\AndroidManifest.xml:110:9-112:40
138            android:name="com.example.task.SearchFoood2"
138-->src\main\AndroidManifest.xml:111:13-57
139            android:exported="false" />
139-->src\main\AndroidManifest.xml:112:13-37
140        <activity
140-->src\main\AndroidManifest.xml:113:9-115:40
141            android:name="com.example.task.searchFood"
141-->src\main\AndroidManifest.xml:114:13-55
142            android:exported="false" />
142-->src\main\AndroidManifest.xml:115:13-37
143        <activity
143-->src\main\AndroidManifest.xml:116:9-118:40
144            android:name="com.example.task.recommendedOption"
144-->src\main\AndroidManifest.xml:117:13-62
145            android:exported="false" />
145-->src\main\AndroidManifest.xml:118:13-37
146        <activity
146-->src\main\AndroidManifest.xml:119:9-121:40
147            android:name="com.example.task.tagsearch"
147-->src\main\AndroidManifest.xml:120:13-54
148            android:exported="false" />
148-->src\main\AndroidManifest.xml:121:13-37
149        <activity
149-->src\main\AndroidManifest.xml:122:9-124:40
150            android:name="com.example.mobileappproject.Adapters.bottomnav"
150-->src\main\AndroidManifest.xml:123:13-47
151            android:exported="false" /> <!-- Maaz -->
151-->src\main\AndroidManifest.xml:124:13-37
152        <!-- Maaz -->
153        <activity
153-->src\main\AndroidManifest.xml:126:9-130:61
154            android:name="com.example.mobileappproject.Fifty_Nine"
154-->src\main\AndroidManifest.xml:127:13-39
155            android:exported="false"
155-->src\main\AndroidManifest.xml:128:13-37
156            android:label="@string/title_activity_fifty_nine"
156-->src\main\AndroidManifest.xml:129:13-62
157            android:theme="@style/Theme.MobileAppProject" />
157-->src\main\AndroidManifest.xml:130:13-58
158        <activity
158-->src\main\AndroidManifest.xml:131:9-133:40
159            android:name="com.example.mobileappproject.Fifty_Eight"
159-->src\main\AndroidManifest.xml:132:13-40
160            android:exported="false" />
160-->src\main\AndroidManifest.xml:133:13-37
161        <activity
161-->src\main\AndroidManifest.xml:134:9-136:40
162            android:name="com.example.mobileappproject.Fifty_Seven"
162-->src\main\AndroidManifest.xml:135:13-40
163            android:exported="false" />
163-->src\main\AndroidManifest.xml:136:13-37
164        <activity
164-->src\main\AndroidManifest.xml:137:9-139:39
165            android:name="com.example.mobileappproject.Fifty_Six"
165-->src\main\AndroidManifest.xml:138:13-38
166            android:exported="true" />
166-->src\main\AndroidManifest.xml:139:13-36
167        <activity
167-->src\main\AndroidManifest.xml:140:9-142:39
168            android:name="com.example.mobileappproject.Fifty_Five"
168-->src\main\AndroidManifest.xml:141:13-39
169            android:exported="true" />
169-->src\main\AndroidManifest.xml:142:13-36
170        <activity
170-->src\main\AndroidManifest.xml:143:9-145:40
171            android:name="com.example.mobileappproject.Fifty_Four"
171-->src\main\AndroidManifest.xml:144:13-39
172            android:exported="false" />
172-->src\main\AndroidManifest.xml:145:13-37
173        <activity
173-->src\main\AndroidManifest.xml:146:9-148:40
174            android:name="com.example.mobileappproject.AddNewChatActivity"
174-->src\main\AndroidManifest.xml:147:13-47
175            android:exported="false" />
175-->src\main\AndroidManifest.xml:148:13-37
176        <activity
176-->src\main\AndroidManifest.xml:149:9-154:55
177            android:name="com.example.mobileappproject.PaymentHostActivity"
177-->src\main\AndroidManifest.xml:150:13-48
178            android:exported="false"
178-->src\main\AndroidManifest.xml:151:13-37
179            android:screenOrientation="portrait"
179-->src\main\AndroidManifest.xml:152:13-49
180            android:theme="@style/PaymentHostActivity"
180-->src\main\AndroidManifest.xml:153:13-55
181            android:windowSoftInputMode="adjustPan" />
181-->src\main\AndroidManifest.xml:154:13-52
182        <activity
182-->src\main\AndroidManifest.xml:155:9-159:55
183            android:name="com.example.mobileappproject.LocationFragmentHostActivity"
183-->src\main\AndroidManifest.xml:156:13-57
184            android:exported="false"
184-->src\main\AndroidManifest.xml:157:13-37
185            android:screenOrientation="portrait"
185-->src\main\AndroidManifest.xml:158:13-49
186            android:windowSoftInputMode="adjustPan" />
186-->src\main\AndroidManifest.xml:159:13-52
187        <activity
187-->src\main\AndroidManifest.xml:160:9-163:52
188            android:name="com.example.mobileappproject.MainActivity"
188-->src\main\AndroidManifest.xml:161:13-41
189            android:exported="false"
189-->src\main\AndroidManifest.xml:162:13-37
190            android:screenOrientation="portrait" />
190-->src\main\AndroidManifest.xml:163:13-49
191        <activity
191-->src\main\AndroidManifest.xml:164:9-166:40
192            android:name="com.example.mobileappproject.home"
192-->src\main\AndroidManifest.xml:165:13-33
193            android:exported="false" />
193-->src\main\AndroidManifest.xml:166:13-37
194        <!-- Needs to be explicitly declared on P+ -->
195        <uses-library
195-->[com.google.android.gms:play-services-maps:18.1.0] AndroidManifest.xml:39:9-41:40
196            android:name="org.apache.http.legacy"
196-->[com.google.android.gms:play-services-maps:18.1.0] AndroidManifest.xml:40:13-50
197            android:required="false" />
197-->[com.google.android.gms:play-services-maps:18.1.0] AndroidManifest.xml:41:13-37
198
199        <activity
199-->[com.google.android.gms:play-services-base:18.0.1] AndroidManifest.xml:20:9-22:45
200            android:name="com.google.android.gms.common.api.GoogleApiActivity"
200-->[com.google.android.gms:play-services-base:18.0.1] AndroidManifest.xml:20:19-85
201            android:exported="false"
201-->[com.google.android.gms:play-services-base:18.0.1] AndroidManifest.xml:22:19-43
202            android:theme="@android:style/Theme.Translucent.NoTitleBar" />
202-->[com.google.android.gms:play-services-base:18.0.1] AndroidManifest.xml:21:19-78
203
204        <meta-data
204-->[com.google.android.gms:play-services-basement:18.0.0] AndroidManifest.xml:21:9-23:69
205            android:name="com.google.android.gms.version"
205-->[com.google.android.gms:play-services-basement:18.0.0] AndroidManifest.xml:22:13-58
206            android:value="@integer/google_play_services_version" />
206-->[com.google.android.gms:play-services-basement:18.0.0] AndroidManifest.xml:23:13-66
207
208        <provider
208-->[androidx.emoji2:emoji2:1.2.0] AndroidManifest.xml:24:9-32:20
209            android:name="androidx.startup.InitializationProvider"
209-->[androidx.emoji2:emoji2:1.2.0] AndroidManifest.xml:25:13-67
210            android:authorities="com.example.mobileappproject.androidx-startup"
210-->[androidx.emoji2:emoji2:1.2.0] AndroidManifest.xml:26:13-68
211            android:exported="false" >
211-->[androidx.emoji2:emoji2:1.2.0] AndroidManifest.xml:27:13-37
212            <meta-data
212-->[androidx.emoji2:emoji2:1.2.0] AndroidManifest.xml:29:13-31:52
213                android:name="androidx.emoji2.text.EmojiCompatInitializer"
213-->[androidx.emoji2:emoji2:1.2.0] AndroidManifest.xml:30:17-75
214                android:value="androidx.startup" />
214-->[androidx.emoji2:emoji2:1.2.0] AndroidManifest.xml:31:17-49
215            <meta-data
215-->[androidx.lifecycle:lifecycle-process:2.6.2] AndroidManifest.xml:29:13-31:52
216                android:name="androidx.lifecycle.ProcessLifecycleInitializer"
216-->[androidx.lifecycle:lifecycle-process:2.6.2] AndroidManifest.xml:30:17-78
217                android:value="androidx.startup" />
217-->[androidx.lifecycle:lifecycle-process:2.6.2] AndroidManifest.xml:31:17-49
218            <meta-data
218-->[androidx.profileinstaller:profileinstaller:1.3.0] AndroidManifest.xml:29:13-31:52
219                android:name="androidx.profileinstaller.ProfileInstallerInitializer"
219-->[androidx.profileinstaller:profileinstaller:1.3.0] AndroidManifest.xml:30:17-85
220                android:value="androidx.startup" />
220-->[androidx.profileinstaller:profileinstaller:1.3.0] AndroidManifest.xml:31:17-49
221        </provider>
222
223        <uses-library
223-->[androidx.window:window:1.0.0] AndroidManifest.xml:25:9-27:40
224            android:name="androidx.window.extensions"
224-->[androidx.window:window:1.0.0] AndroidManifest.xml:26:13-54
225            android:required="false" />
225-->[androidx.window:window:1.0.0] AndroidManifest.xml:27:13-37
226        <uses-library
226-->[androidx.window:window:1.0.0] AndroidManifest.xml:28:9-30:40
227            android:name="androidx.window.sidecar"
227-->[androidx.window:window:1.0.0] AndroidManifest.xml:29:13-51
228            android:required="false" />
228-->[androidx.window:window:1.0.0] AndroidManifest.xml:30:13-37
229
230        <receiver
230-->[androidx.profileinstaller:profileinstaller:1.3.0] AndroidManifest.xml:34:9-52:20
231            android:name="androidx.profileinstaller.ProfileInstallReceiver"
231-->[androidx.profileinstaller:profileinstaller:1.3.0] AndroidManifest.xml:35:13-76
232            android:directBootAware="false"
232-->[androidx.profileinstaller:profileinstaller:1.3.0] AndroidManifest.xml:36:13-44
233            android:enabled="true"
233-->[androidx.profileinstaller:profileinstaller:1.3.0] AndroidManifest.xml:37:13-35
234            android:exported="true"
234-->[androidx.profileinstaller:profileinstaller:1.3.0] AndroidManifest.xml:38:13-36
235            android:permission="android.permission.DUMP" >
235-->[androidx.profileinstaller:profileinstaller:1.3.0] AndroidManifest.xml:39:13-57
236            <intent-filter>
236-->[androidx.profileinstaller:profileinstaller:1.3.0] AndroidManifest.xml:40:13-42:29
237                <action android:name="androidx.profileinstaller.action.INSTALL_PROFILE" />
237-->[androidx.profileinstaller:profileinstaller:1.3.0] AndroidManifest.xml:41:17-91
237-->[androidx.profileinstaller:profileinstaller:1.3.0] AndroidManifest.xml:41:25-88
238            </intent-filter>
239            <intent-filter>
239-->[androidx.profileinstaller:profileinstaller:1.3.0] AndroidManifest.xml:43:13-45:29
240                <action android:name="androidx.profileinstaller.action.SKIP_FILE" />
240-->[androidx.profileinstaller:profileinstaller:1.3.0] AndroidManifest.xml:44:17-85
240-->[androidx.profileinstaller:profileinstaller:1.3.0] AndroidManifest.xml:44:25-82
241            </intent-filter>
242            <intent-filter>
242-->[androidx.profileinstaller:profileinstaller:1.3.0] AndroidManifest.xml:46:13-48:29
243                <action android:name="androidx.profileinstaller.action.SAVE_PROFILE" />
243-->[androidx.profileinstaller:profileinstaller:1.3.0] AndroidManifest.xml:47:17-88
243-->[androidx.profileinstaller:profileinstaller:1.3.0] AndroidManifest.xml:47:25-85
244            </intent-filter>
245            <intent-filter>
245-->[androidx.profileinstaller:profileinstaller:1.3.0] AndroidManifest.xml:49:13-51:29
246                <action android:name="androidx.profileinstaller.action.BENCHMARK_OPERATION" />
246-->[androidx.profileinstaller:profileinstaller:1.3.0] AndroidManifest.xml:50:17-95
246-->[androidx.profileinstaller:profileinstaller:1.3.0] AndroidManifest.xml:50:25-92
247            </intent-filter>
248        </receiver>
249    </application>
250
251</manifest>